<?xml version="1.0" encoding="UTF-8"?>
<testsuite name="tests.LoginTest" tests="4" skipped="0" failures="0" errors="0" timestamp="2025-08-31T12:06:35.435Z" hostname="IVANNA" time="8.525">
  <properties/>
  <testcase name="testLoginScenarios[0](standard_user, secret_sauce, success)" classname="tests.LoginTest" time="1.685"/>
  <testcase name="testLoginScenarios[1](locked_out_user, secret_sauce, failure)" classname="tests.LoginTest" time="1.053"/>
  <testcase name="testLoginScenarios[2](problem_user, secret_sauce, success)" classname="tests.LoginTest" time="1.112"/>
  <testcase name="testLoginScenarios[3](invalid_user, bad_password, failure)" classname="tests.LoginTest" time="1.171"/>
  <system-out><![CDATA[]]></system-out>
  <system-err><![CDATA[Aug 31, 2025 7:06:35 PM org.openqa.selenium.devtools.CdpVersionFinder findNearestMatch
WARNING: Unable to find CDP implementation matching 139
Aug 31, 2025 7:06:35 PM org.openqa.selenium.chromium.ChromiumDriver lambda$new$5
WARNING: Unable to find version of CDP to use for 139.0.7258.155. You may need to include a dependency on a specific version of the CDP using something similar to `org.seleniumhq.selenium:selenium-devtools-v86:4.22.0` where the version ("v86") matches the version of the chromium-based browser you're using and the version number of the artifact is the same as Selenium's.
Aug 31, 2025 7:06:38 PM org.openqa.selenium.devtools.CdpVersionFinder findNearestMatch
WARNING: Unable to find CDP implementation matching 139
Aug 31, 2025 7:06:38 PM org.openqa.selenium.chromium.ChromiumDriver lambda$new$5
WARNING: Unable to find version of CDP to use for 139.0.7258.155. You may need to include a dependency on a specific version of the CDP using something similar to `org.seleniumhq.selenium:selenium-devtools-v86:4.22.0` where the version ("v86") matches the version of the chromium-based browser you're using and the version number of the artifact is the same as Selenium's.
Aug 31, 2025 7:06:40 PM org.openqa.selenium.devtools.CdpVersionFinder findNearestMatch
WARNING: Unable to find CDP implementation matching 139
Aug 31, 2025 7:06:40 PM org.openqa.selenium.chromium.ChromiumDriver lambda$new$5
WARNING: Unable to find version of CDP to use for 139.0.7258.155. You may need to include a dependency on a specific version of the CDP using something similar to `org.seleniumhq.selenium:selenium-devtools-v86:4.22.0` where the version ("v86") matches the version of the chromium-based browser you're using and the version number of the artifact is the same as Selenium's.
Aug 31, 2025 7:06:42 PM org.openqa.selenium.devtools.CdpVersionFinder findNearestMatch
WARNING: Unable to find CDP implementation matching 139
Aug 31, 2025 7:06:42 PM org.openqa.selenium.chromium.ChromiumDriver lambda$new$5
WARNING: Unable to find version of CDP to use for 139.0.7258.155. You may need to include a dependency on a specific version of the CDP using something similar to `org.seleniumhq.selenium:selenium-devtools-v86:4.22.0` where the version ("v86") matches the version of the chromium-based browser you're using and the version number of the artifact is the same as Selenium's.
]]></system-err>
</testsuite>
